<?xml version="1.0" encoding="UTF-8"?>
<testsuite xmlns:xsi="http://www.w3.org/2001/XMLSchema-instance" xsi:noNamespaceSchemaLocation="https://maven.apache.org/surefire/maven-surefire-plugin/xsd/surefire-test-report-3.0.xsd" version="3.0" name="br.com.erudio.integrationtests.controller.cors.withjson.PersonControllerCorsJsonTest" time="42.375" tests="6" errors="0" skipped="0" failures="0">
  <properties>
[...]
</properties>
  <testcase name="authorization" classname="br.com.erudio.integrationtests.controller.cors.withjson.PersonControllerCorsJsonTest" time="4.555">
    <system-out><![CDATA[20:12:00.085 [main] INFO org.springframework.test.context.support.AnnotationConfigContextLoaderUtils -- Could not detect default configuration classes for test class [br.com.erudio.integrationtests.testcontainers.AbstractIntegrationTest]: AbstractIntegrationTest does not declare any static, non-private, non-final, nested classes annotated with @Configuration.
20:12:00.292 [main] INFO org.springframework.boot.test.context.SpringBootTestContextBootstrapper -- Found @SpringBootConfiguration br.com.erudio.Startup for test class br.com.erudio.integrationtests.controller.cors.withjson.PersonControllerCorsJsonTest
20:12:00.946 [main] INFO org.springframework.boot.devtools.restart.RestartApplicationListener -- Restart disabled due to context in which it is running

  .   ____          _            __ _ _
 /\\ / ___'_ __ _ _(_)_ __  __ _ \ \ \ \
( ( )\___ | '_ | '_| | '_ \/ _` | \ \ \ \
 \\/  ___)| |_)| | | | | || (_| |  ) ) ) )
  '  |____| .__|_| |_|_| |_\__, | / / / /
 =========|_|==============|___/=/_/_/_/
 :: Spring Boot ::                (v3.2.0)

2024-03-14T20:12:01.586-03:00  INFO 17400 --- [ers-lifecycle-0] o.t.d.DockerClientProviderStrategy       : Loaded org.testcontainers.dockerclient.NpipeSocketClientProviderStrategy from ~/.testcontainers.properties, will try it first
2024-03-14T20:12:02.461-03:00  INFO 17400 --- [ers-lifecycle-0] o.t.d.DockerClientProviderStrategy       : Found Docker environment with local Npipe socket (npipe:////./pipe/docker_engine)
2024-03-14T20:12:02.463-03:00  INFO 17400 --- [ers-lifecycle-0] org.testcontainers.DockerClientFactory   : Docker host IP address is localhost
2024-03-14T20:12:02.519-03:00  INFO 17400 --- [ers-lifecycle-0] org.testcontainers.DockerClientFactory   : Connected to docker: 
  Server Version: 25.0.3
  API Version: 1.44
  Operating System: Docker Desktop
  Total Memory: 15931 MB
2024-03-14T20:12:02.528-03:00  INFO 17400 --- [ers-lifecycle-0] o.t.utility.ImageNameSubstitutor         : Image name substitution will be performed by: DefaultImageNameSubstitutor (composite of 'ConfigurationFileImageNameSubstitutor' and 'PrefixingImageNameSubstitutor')
2024-03-14T20:12:02.887-03:00  INFO 17400 --- [ers-lifecycle-0] o.t.utility.RegistryAuthLocator          : Credential helper/store (docker-credential-desktop) does not have credentials for index.docker.io
2024-03-14T20:12:03.723-03:00  INFO 17400 --- [ers-lifecycle-0] org.testcontainers.DockerClientFactory   : Ryuk started - will monitor and terminate Testcontainers containers on JVM exit
2024-03-14T20:12:03.724-03:00  INFO 17400 --- [ers-lifecycle-0] org.testcontainers.DockerClientFactory   : Checking the system...
2024-03-14T20:12:03.725-03:00  INFO 17400 --- [ers-lifecycle-0] org.testcontainers.DockerClientFactory   : ✔︎ Docker server version should be at least 1.6.0
2024-03-14T20:12:03.845-03:00  INFO 17400 --- [ers-lifecycle-0] org.testcontainers.DockerClientFactory   : ✔︎ Docker environment should have more than 2GB free disk space
2024-03-14T20:12:03.869-03:00  INFO 17400 --- [ers-lifecycle-0] 🐳 [mysql:8.0.29]                        : Creating container for image: mysql:8.0.29
2024-03-14T20:12:04.021-03:00  INFO 17400 --- [ers-lifecycle-0] 🐳 [mysql:8.0.29]                        : Container mysql:8.0.29 is starting: 6b37b7d9ff275686f27b55431d2d9ec6040d3767b305a245986f55a78a6ef937
2024-03-14T20:12:04.566-03:00  INFO 17400 --- [ers-lifecycle-0] 🐳 [mysql:8.0.29]                        : Waiting for database connection to become available at jdbc:mysql://localhost:64043/test using query 'SELECT 1'
2024-03-14T20:12:21.010-03:00  INFO 17400 --- [ers-lifecycle-0] 🐳 [mysql:8.0.29]                        : Container is started (JDBC URL: jdbc:mysql://localhost:64043/test)
2024-03-14T20:12:21.010-03:00  INFO 17400 --- [ers-lifecycle-0] 🐳 [mysql:8.0.29]                        : Container mysql:8.0.29 started in PT17.1597938S
2024-03-14T20:12:21.015-03:00  INFO 17400 --- [           main] c.e.i.c.c.w.PersonControllerCorsJsonTest : Starting PersonControllerCorsJsonTest using Java 21.0.2 with PID 17400 (started by luisb in D:\cursos\docker\1402+DockerFromZeroToMastery-SpingBootAndJava\app)
2024-03-14T20:12:21.017-03:00  INFO 17400 --- [           main] c.e.i.c.c.w.PersonControllerCorsJsonTest : No active profile set, falling back to 1 default profile: "default"
2024-03-14T20:12:23.112-03:00  INFO 17400 --- [           main] .s.d.r.c.RepositoryConfigurationDelegate : Bootstrapping Spring Data JPA repositories in DEFAULT mode.
2024-03-14T20:12:23.254-03:00  INFO 17400 --- [           main] .s.d.r.c.RepositoryConfigurationDelegate : Finished Spring Data repository scanning in 118 ms. Found 3 JPA repository interfaces.
2024-03-14T20:12:24.847-03:00  INFO 17400 --- [           main] o.s.b.w.embedded.tomcat.TomcatWebServer  : Tomcat initialized with port 8888 (http)
2024-03-14T20:12:24.869-03:00  INFO 17400 --- [           main] o.apache.catalina.core.StandardService   : Starting service [Tomcat]
2024-03-14T20:12:24.870-03:00  INFO 17400 --- [           main] o.apache.catalina.core.StandardEngine    : Starting Servlet engine: [Apache Tomcat/10.1.16]
2024-03-14T20:12:25.018-03:00  INFO 17400 --- [           main] o.a.c.c.C.[Tomcat].[localhost].[/]       : Initializing Spring embedded WebApplicationContext
2024-03-14T20:12:25.020-03:00  INFO 17400 --- [           main] w.s.c.ServletWebServerApplicationContext : Root WebApplicationContext: initialization completed in 3656 ms
2024-03-14T20:12:25.340-03:00  INFO 17400 --- [           main] com.zaxxer.hikari.HikariDataSource       : HikariPool-1 - Starting...
2024-03-14T20:12:25.931-03:00  INFO 17400 --- [           main] com.zaxxer.hikari.pool.HikariPool        : HikariPool-1 - Added connection com.mysql.cj.jdbc.ConnectionImpl@19739906
2024-03-14T20:12:25.936-03:00  INFO 17400 --- [           main] com.zaxxer.hikari.HikariDataSource       : HikariPool-1 - Start completed.
2024-03-14T20:12:26.302-03:00  INFO 17400 --- [           main] o.f.c.internal.license.VersionPrinter    : Flyway Community Edition 9.22.3 by Redgate
2024-03-14T20:12:26.303-03:00  INFO 17400 --- [           main] o.f.c.internal.license.VersionPrinter    : See release notes here: https://rd.gt/416ObMi
2024-03-14T20:12:26.303-03:00  INFO 17400 --- [           main] o.f.c.internal.license.VersionPrinter    : 
2024-03-14T20:12:26.397-03:00  INFO 17400 --- [           main] org.flywaydb.core.FlywayExecutor         : Database: jdbc:mysql://localhost:64043/test (MySQL 8.0)
2024-03-14T20:12:26.747-03:00  INFO 17400 --- [           main] o.f.c.i.s.JdbcTableSchemaHistory         : Schema history table `test`.`flyway_schema_history` does not exist yet
2024-03-14T20:12:26.763-03:00  INFO 17400 --- [           main] o.f.core.internal.command.DbValidate     : Successfully validated 12 migrations (execution time 00:00.134s)
2024-03-14T20:12:26.859-03:00  INFO 17400 --- [           main] o.f.c.i.s.JdbcTableSchemaHistory         : Creating Schema History table `test`.`flyway_schema_history` ...
2024-03-14T20:12:27.082-03:00  INFO 17400 --- [           main] o.f.core.internal.command.DbMigrate      : Current version of schema `test`: << Empty Schema >>
2024-03-14T20:12:27.100-03:00  INFO 17400 --- [           main] o.f.core.internal.command.DbMigrate      : Migrating schema `test` to version "1 - Create Table Person"
2024-03-14T20:12:27.153-03:00  WARN 17400 --- [           main] o.f.c.i.s.DefaultSqlScriptExecutor       : DB: Integer display width is deprecated and will be removed in a future release. (SQL State: HY000 - Error Code: 1681)
2024-03-14T20:12:27.239-03:00  INFO 17400 --- [           main] o.f.core.internal.command.DbMigrate      : Migrating schema `test` to version "2 - Populate Table Person"
2024-03-14T20:12:27.343-03:00  INFO 17400 --- [           main] o.f.core.internal.command.DbMigrate      : Migrating schema `test` to version "3 - Create Table Books"
2024-03-14T20:12:27.392-03:00  WARN 17400 --- [           main] o.f.c.i.s.DefaultSqlScriptExecutor       : DB: Integer display width is deprecated and will be removed in a future release. (SQL State: HY000 - Error Code: 1681)
2024-03-14T20:12:27.488-03:00  INFO 17400 --- [           main] o.f.core.internal.command.DbMigrate      : Migrating schema `test` to version "4 - Insert Data In Books"
2024-03-14T20:12:27.607-03:00  INFO 17400 --- [           main] o.f.core.internal.command.DbMigrate      : Migrating schema `test` to version "5 - Create Table Permission"
2024-03-14T20:12:27.703-03:00  WARN 17400 --- [           main] o.f.c.i.s.DefaultSqlScriptExecutor       : DB: Integer display width is deprecated and will be removed in a future release. (SQL State: HY000 - Error Code: 1681)
2024-03-14T20:12:27.771-03:00  INFO 17400 --- [           main] o.f.core.internal.command.DbMigrate      : Migrating schema `test` to version "6 - Insert Data In Permission"
2024-03-14T20:12:27.852-03:00  INFO 17400 --- [           main] o.f.core.internal.command.DbMigrate      : Migrating schema `test` to version "7 - Create Table Users"
2024-03-14T20:12:27.904-03:00  WARN 17400 --- [           main] o.f.c.i.s.DefaultSqlScriptExecutor       : DB: Integer display width is deprecated and will be removed in a future release. (SQL State: HY000 - Error Code: 1681)
2024-03-14T20:12:27.967-03:00  INFO 17400 --- [           main] o.f.core.internal.command.DbMigrate      : Migrating schema `test` to version "8 - Insert Data In Users"
2024-03-14T20:12:28.042-03:00  INFO 17400 --- [           main] o.f.core.internal.command.DbMigrate      : Migrating schema `test` to version "9 - Create Table User Permission"
2024-03-14T20:12:28.124-03:00  WARN 17400 --- [           main] o.f.c.i.s.DefaultSqlScriptExecutor       : DB: Integer display width is deprecated and will be removed in a future release. (SQL State: HY000 - Error Code: 1681)
2024-03-14T20:12:28.124-03:00  WARN 17400 --- [           main] o.f.c.i.s.DefaultSqlScriptExecutor       : DB: Integer display width is deprecated and will be removed in a future release. (SQL State: HY000 - Error Code: 1681)
2024-03-14T20:12:28.182-03:00  INFO 17400 --- [           main] o.f.core.internal.command.DbMigrate      : Migrating schema `test` to version "10 - Insert Data In User Permission"
2024-03-14T20:12:28.245-03:00  INFO 17400 --- [           main] o.f.core.internal.command.DbMigrate      : Migrating schema `test` to version "11 - Alter Table Person"
2024-03-14T20:12:28.400-03:00  INFO 17400 --- [           main] o.f.core.internal.command.DbMigrate      : Migrating schema `test` to version "12 - Populate Person With Many"
2024-03-14T20:12:28.529-03:00  INFO 17400 --- [           main] o.f.core.internal.command.DbMigrate      : Successfully applied 12 migrations to schema `test`, now at version v12 (execution time 00:00.583s)
2024-03-14T20:12:28.722-03:00  INFO 17400 --- [           main] o.hibernate.jpa.internal.util.LogHelper  : HHH000204: Processing PersistenceUnitInfo [name: default]
2024-03-14T20:12:28.871-03:00  INFO 17400 --- [           main] org.hibernate.Version                    : HHH000412: Hibernate ORM core version 6.3.1.Final
2024-03-14T20:12:28.925-03:00  INFO 17400 --- [           main] o.h.c.internal.RegionFactoryInitiator    : HHH000026: Second-level cache disabled
2024-03-14T20:12:29.304-03:00  INFO 17400 --- [           main] o.s.o.j.p.SpringPersistenceUnitInfo      : No LoadTimeWeaver setup: ignoring JPA class transformer
2024-03-14T20:12:30.586-03:00  INFO 17400 --- [           main] o.h.e.t.j.p.i.JtaPlatformInitiator       : HHH000489: No JTA platform available (set 'hibernate.transaction.jta.platform' to enable JTA platform integration)
2024-03-14T20:12:30.589-03:00  INFO 17400 --- [           main] j.LocalContainerEntityManagerFactoryBean : Initialized JPA EntityManagerFactory for persistence unit 'default'
2024-03-14T20:12:31.072-03:00  INFO 17400 --- [           main] o.s.d.j.r.query.QueryEnhancerFactory     : Hibernate is in classpath; If applicable, HQL parser will be used.
2024-03-14T20:12:35.278-03:00  INFO 17400 --- [           main] o.s.s.web.DefaultSecurityFilterChain     : Will secure any request with [org.springframework.security.web.session.DisableEncodeUrlFilter@3a19b933, org.springframework.security.web.context.request.async.WebAsyncManagerIntegrationFilter@d476a21, org.springframework.security.web.context.SecurityContextHolderFilter@267d9256, org.springframework.security.web.header.HeaderWriterFilter@486e3116, org.springframework.web.filter.CorsFilter@186b5db, org.springframework.security.web.authentication.logout.LogoutFilter@5c8ec2f6, br.com.erudio.security.jwt.JwtTokenFilter@7ba907cf, org.springframework.security.web.savedrequest.RequestCacheAwareFilter@3982fdf7, org.springframework.security.web.servletapi.SecurityContextHolderAwareRequestFilter@1933e1dc, org.springframework.security.web.authentication.AnonymousAuthenticationFilter@c0ef9a8, org.springframework.security.web.session.SessionManagementFilter@4f60ac31, org.springframework.security.web.access.ExceptionTranslationFilter@554b571b, org.springframework.security.web.access.intercept.AuthorizationFilter@2182cd7c]
2024-03-14T20:12:36.218-03:00  INFO 17400 --- [           main] o.s.b.w.embedded.tomcat.TomcatWebServer  : Tomcat started on port 8888 (http) with context path ''
2024-03-14T20:12:36.247-03:00  INFO 17400 --- [           main] c.e.i.c.c.w.PersonControllerCorsJsonTest : Started PersonControllerCorsJsonTest in 35.319 seconds (process running for 38.013)
2024-03-14T20:12:39.272-03:00  INFO 17400 --- [nio-8888-exec-1] o.a.c.c.C.[Tomcat].[localhost].[/]       : Initializing Spring DispatcherServlet 'dispatcherServlet'
2024-03-14T20:12:39.273-03:00  INFO 17400 --- [nio-8888-exec-1] o.s.web.servlet.DispatcherServlet        : Initializing Servlet 'dispatcherServlet'
2024-03-14T20:12:39.275-03:00  INFO 17400 --- [nio-8888-exec-1] o.s.web.servlet.DispatcherServlet        : Completed initialization in 2 ms
2024-03-14T20:12:39.297-03:00  WARN 17400 --- [nio-8888-exec-1] o.s.w.s.h.HandlerMappingIntrospector     : Cache miss for REQUEST dispatch to '/auth/signin' (previous null). Performing CorsConfiguration lookup. This is logged once only at WARN level, and every time at TRACE.
2024-03-14T20:12:39.327-03:00  WARN 17400 --- [nio-8888-exec-1] o.s.w.s.h.HandlerMappingIntrospector     : Cache miss for REQUEST dispatch to '/auth/signin' (previous null). Performing MatchableHandlerMapping lookup. This is logged once only at WARN level, and every time at TRACE.
2024-03-14T20:12:39.875-03:00  INFO 17400 --- [nio-8888-exec-1] br.com.erudio.services.UserServices      : Finding one user by name leandro!
]]></system-out>
    <system-err><![CDATA[WARNING: A Java agent has been loaded dynamically (C:\Users\luisb\.m2\repository\net\bytebuddy\byte-buddy-agent\1.14.10\byte-buddy-agent-1.14.10.jar)
WARNING: If a serviceability tool is in use, please run with -XX:+EnableDynamicAgentLoading to hide this warning
WARNING: If a serviceability tool is not in use, please run with -Djdk.instrument.traceUsage for more information
WARNING: Dynamic loading of agents will be disallowed by default in a future release
]]></system-err>
  </testcase>
  <testcase name="testCreate" classname="br.com.erudio.integrationtests.controller.cors.withjson.PersonControllerCorsJsonTest" time="0.854">
    <system-out><![CDATA[Request method:	POST
Request URI:	http://localhost:8888/api/person/v1
Proxy:			<none>
Request params:	<none>
Query params:	<none>
Form params:	<none>
Path params:	<none>
Headers:		Authorization=Bearer eyJ0eXAiOiJKV1QiLCJhbGciOiJIUzI1NiJ9.eyJzdWIiOiJsZWFuZHJvIiwicm9sZXMiOlsiQURNSU4iLCJNQU5BR0VSIl0sImlzcyI6Imh0dHA6Ly9sb2NhbGhvc3Q6ODg4OCIsImV4cCI6MTcxMDQ2MTU2MCwiaWF0IjoxNzEwNDU3OTYwfQ.KQMrSRd96sYyuW6mL-9NjkOPtkWHEDY45MEuAW7eBT4
				Origin=https://erudio.com.br
				Accept=*/*
				Content-Type=application/json
Cookies:		<none>
Multiparts:		<none>
Body:
{
    "id": null,
    "firstName": "Richard",
    "lastName": "Stallman",
    "address": "New York City, New York, US",
    "gender": "Male",
    "enabled": true
}
2024-03-14T20:12:40.998-03:00  INFO 17400 --- [nio-8888-exec-2] br.com.erudio.services.UserServices      : Finding one user by name leandro!
2024-03-14T20:12:41.036-03:00  INFO 17400 --- [nio-8888-exec-2] br.com.erudio.services.PersonServices    : Creating one person!
2024-03-14T20:12:41.043-03:00  INFO 17400 --- [nio-8888-exec-2] c.g.dozermapper.core.util.RuntimeUtils   : OSGi support is false
2024-03-14T20:12:41.044-03:00  INFO 17400 --- [nio-8888-exec-2] c.g.d.core.DozerBeanMapperBuilder        : Initializing Dozer. Version: 6.4.0, Thread Name: http-nio-8888-exec-2
2024-03-14T20:12:41.052-03:00  INFO 17400 --- [nio-8888-exec-2] d.c.c.r.LegacyPropertiesSettingsResolver : Trying to find Dozer configuration file: dozer.properties
2024-03-14T20:12:41.053-03:00  INFO 17400 --- [nio-8888-exec-2] d.c.c.r.LegacyPropertiesSettingsResolver : Failed to find dozer.properties via com.github.dozermapper.core.config.resolvers.LegacyPropertiesSettingsResolver.
2024-03-14T20:12:41.060-03:00  WARN 17400 --- [nio-8888-exec-2] c.g.d.core.el.ELExpressionFactory        : javax.el is not supported; Failed to resolve ExpressionFactory, com.sun.el.ExpressionFactoryImpl
HTTP/1.1 200 
Vary: Origin
Vary: Access-Control-Request-Method
Vary: Access-Control-Request-Headers
Access-Control-Allow-Origin: https://erudio.com.br
Access-Control-Allow-Credentials: true
X-Content-Type-Options: nosniff
X-XSS-Protection: 0
Cache-Control: no-cache, no-store, max-age=0, must-revalidate
Pragma: no-cache
Expires: 0
X-Frame-Options: DENY
Content-Type: application/json
Transfer-Encoding: chunked
Date: Thu, 14 Mar 2024 23:12:40 GMT
Keep-Alive: timeout=60
Connection: keep-alive

{
    "id": 1011,
    "firstName": "Richard",
    "lastName": "Stallman",
    "address": "New York City, New York, US",
    "gender": "Male",
    "enabled": true,
    "_links": {
        "self": {
            "href": "http://localhost:8888/api/person/v1/1011"
        }
    }
}
]]></system-out>
  </testcase>
  <testcase name="testCreateWithWrongOrigin" classname="br.com.erudio.integrationtests.controller.cors.withjson.PersonControllerCorsJsonTest" time="0.042">
    <system-out><![CDATA[Request method:	POST
Request URI:	http://localhost:8888/api/person/v1
Proxy:			<none>
Request params:	<none>
Query params:	<none>
Form params:	<none>
Path params:	<none>
Headers:		Authorization=Bearer eyJ0eXAiOiJKV1QiLCJhbGciOiJIUzI1NiJ9.eyJzdWIiOiJsZWFuZHJvIiwicm9sZXMiOlsiQURNSU4iLCJNQU5BR0VSIl0sImlzcyI6Imh0dHA6Ly9sb2NhbGhvc3Q6ODg4OCIsImV4cCI6MTcxMDQ2MTU2MCwiaWF0IjoxNzEwNDU3OTYwfQ.KQMrSRd96sYyuW6mL-9NjkOPtkWHEDY45MEuAW7eBT4
				Origin=https://semeru.com.br
				Accept=*/*
				Content-Type=application/json
Cookies:		<none>
Multiparts:		<none>
Body:
{
    "id": 1011,
    "firstName": "Richard",
    "lastName": "Stallman",
    "address": "New York City, New York, US",
    "gender": "Male",
    "enabled": true
}
HTTP/1.1 403 
Vary: Origin
Vary: Access-Control-Request-Method
Vary: Access-Control-Request-Headers
X-Content-Type-Options: nosniff
X-XSS-Protection: 0
Cache-Control: no-cache, no-store, max-age=0, must-revalidate
Pragma: no-cache
Expires: 0
X-Frame-Options: DENY
Transfer-Encoding: chunked
Date: Thu, 14 Mar 2024 23:12:41 GMT
Keep-Alive: timeout=60
Connection: keep-alive

Invalid CORS request
]]></system-out>
  </testcase>
  <testcase name="testFindById" classname="br.com.erudio.integrationtests.controller.cors.withjson.PersonControllerCorsJsonTest" time="0.148">
    <system-out><![CDATA[Request method:	GET
Request URI:	http://localhost:8888/api/person/v1/1011
Proxy:			<none>
Request params:	<none>
Query params:	<none>
Form params:	<none>
Path params:	id=1011
Headers:		Authorization=Bearer eyJ0eXAiOiJKV1QiLCJhbGciOiJIUzI1NiJ9.eyJzdWIiOiJsZWFuZHJvIiwicm9sZXMiOlsiQURNSU4iLCJNQU5BR0VSIl0sImlzcyI6Imh0dHA6Ly9sb2NhbGhvc3Q6ODg4OCIsImV4cCI6MTcxMDQ2MTU2MCwiaWF0IjoxNzEwNDU3OTYwfQ.KQMrSRd96sYyuW6mL-9NjkOPtkWHEDY45MEuAW7eBT4
				Origin=https://erudio.com.br
				Accept=*/*
				Content-Type=application/json
Cookies:		<none>
Multiparts:		<none>
Body:			<none>
2024-03-14T20:12:41.792-03:00  INFO 17400 --- [nio-8888-exec-4] br.com.erudio.services.UserServices      : Finding one user by name leandro!
2024-03-14T20:12:41.809-03:00  INFO 17400 --- [nio-8888-exec-4] br.com.erudio.services.PersonServices    : Finding one person!
HTTP/1.1 200 
Vary: Origin
Vary: Access-Control-Request-Method
Vary: Access-Control-Request-Headers
Access-Control-Allow-Origin: https://erudio.com.br
Access-Control-Allow-Credentials: true
X-Content-Type-Options: nosniff
X-XSS-Protection: 0
Cache-Control: no-cache, no-store, max-age=0, must-revalidate
Pragma: no-cache
Expires: 0
X-Frame-Options: DENY
Content-Type: application/json
Transfer-Encoding: chunked
Date: Thu, 14 Mar 2024 23:12:41 GMT
Keep-Alive: timeout=60
Connection: keep-alive

{
    "id": 1011,
    "firstName": "Richard",
    "lastName": "Stallman",
    "address": "New York City, New York, US",
    "gender": "Male",
    "enabled": true,
    "_links": {
        "self": {
            "href": "http://localhost:8888/api/person/v1/1011"
        }
    }
}
]]></system-out>
  </testcase>
  <testcase name="testFindByIdWithWrongOrigin" classname="br.com.erudio.integrationtests.controller.cors.withjson.PersonControllerCorsJsonTest" time="0.052">
    <system-out><![CDATA[Request method:	GET
Request URI:	http://localhost:8888/api/person/v1/1011
Proxy:			<none>
Request params:	<none>
Query params:	<none>
Form params:	<none>
Path params:	id=1011
Headers:		Authorization=Bearer eyJ0eXAiOiJKV1QiLCJhbGciOiJIUzI1NiJ9.eyJzdWIiOiJsZWFuZHJvIiwicm9sZXMiOlsiQURNSU4iLCJNQU5BR0VSIl0sImlzcyI6Imh0dHA6Ly9sb2NhbGhvc3Q6ODg4OCIsImV4cCI6MTcxMDQ2MTU2MCwiaWF0IjoxNzEwNDU3OTYwfQ.KQMrSRd96sYyuW6mL-9NjkOPtkWHEDY45MEuAW7eBT4
				Origin=https://semeru.com.br
				Accept=*/*
				Content-Type=application/json
Cookies:		<none>
Multiparts:		<none>
Body:			<none>
HTTP/1.1 403 
Vary: Origin
Vary: Access-Control-Request-Method
Vary: Access-Control-Request-Headers
X-Content-Type-Options: nosniff
X-XSS-Protection: 0
Cache-Control: no-cache, no-store, max-age=0, must-revalidate
Pragma: no-cache
Expires: 0
X-Frame-Options: DENY
Transfer-Encoding: chunked
Date: Thu, 14 Mar 2024 23:12:41 GMT
Keep-Alive: timeout=60
Connection: keep-alive

Invalid CORS request
]]></system-out>
  </testcase>
  <testcase name="testDelete" classname="br.com.erudio.integrationtests.controller.cors.withjson.PersonControllerCorsJsonTest" time="0.153">
    <system-out><![CDATA[Request method:	DELETE
Request URI:	http://localhost:8888/api/person/v1/1011
Proxy:			<none>
Request params:	<none>
Query params:	<none>
Form params:	<none>
Path params:	id=1011
Headers:		Authorization=Bearer eyJ0eXAiOiJKV1QiLCJhbGciOiJIUzI1NiJ9.eyJzdWIiOiJsZWFuZHJvIiwicm9sZXMiOlsiQURNSU4iLCJNQU5BR0VSIl0sImlzcyI6Imh0dHA6Ly9sb2NhbGhvc3Q6ODg4OCIsImV4cCI6MTcxMDQ2MTU2MCwiaWF0IjoxNzEwNDU3OTYwfQ.KQMrSRd96sYyuW6mL-9NjkOPtkWHEDY45MEuAW7eBT4
				Accept=*/*
				Content-Type=application/json
Cookies:		<none>
Multiparts:		<none>
Body:			<none>
2024-03-14T20:12:41.964-03:00  INFO 17400 --- [nio-8888-exec-6] br.com.erudio.services.UserServices      : Finding one user by name leandro!
2024-03-14T20:12:41.985-03:00  INFO 17400 --- [nio-8888-exec-6] br.com.erudio.services.PersonServices    : Deleting one person!
HTTP/1.1 204 
Vary: Origin
Vary: Access-Control-Request-Method
Vary: Access-Control-Request-Headers
X-Content-Type-Options: nosniff
X-XSS-Protection: 0
Cache-Control: no-cache, no-store, max-age=0, must-revalidate
Pragma: no-cache
Expires: 0
X-Frame-Options: DENY
Date: Thu, 14 Mar 2024 23:12:41 GMT
Keep-Alive: timeout=60
Connection: keep-alive
]]></system-out>
  </testcase>
</testsuite>