<?xml version="1.0" encoding="UTF-8"?>
<testsuite xmlns:xsi="http://www.w3.org/2001/XMLSchema-instance" xsi:noNamespaceSchemaLocation="https://maven.apache.org/surefire/maven-surefire-plugin/xsd/surefire-test-report-3.0.xsd" version="3.0" name="br.com.erudio.integrationtests.controller.withxml.BookControllerXmlTest" time="1.632" tests="8" errors="0" skipped="0" failures="0">
  <properties>
[...]
</properties>
  <testcase name="authorization" classname="br.com.erudio.integrationtests.controller.withxml.BookControllerXmlTest" time="0.431">
    <system-out><![CDATA[2024-03-14T20:12:48.756-03:00  INFO 17400 --- [           main] t.c.s.AnnotationConfigContextLoaderUtils : Could not detect default configuration classes for test class [br.com.erudio.integrationtests.testcontainers.AbstractIntegrationTest]: AbstractIntegrationTest does not declare any static, non-private, non-final, nested classes annotated with @Configuration.
2024-03-14T20:12:48.758-03:00  INFO 17400 --- [           main] .b.t.c.SpringBootTestContextBootstrapper : Found @SpringBootConfiguration br.com.erudio.Startup for test class br.com.erudio.integrationtests.controller.withxml.BookControllerXmlTest
2024-03-14T20:12:48.782-03:00  INFO 17400 --- [nio-8888-exec-6] br.com.erudio.services.UserServices      : Finding one user by name leandro!
]]></system-out>
  </testcase>
  <testcase name="testCreate" classname="br.com.erudio.integrationtests.controller.withxml.BookControllerXmlTest" time="0.236">
    <system-out><![CDATA[Request method:	POST
Request URI:	http://localhost:8888/api/book/v1
Proxy:			<none>
Request params:	<none>
Query params:	<none>
Form params:	<none>
Path params:	<none>
Headers:		Authorization=Bearer eyJ0eXAiOiJKV1QiLCJhbGciOiJIUzI1NiJ9.eyJzdWIiOiJsZWFuZHJvIiwicm9sZXMiOlsiQURNSU4iLCJNQU5BR0VSIl0sImlzcyI6Imh0dHA6Ly9sb2NhbGhvc3Q6ODg4OCIsImV4cCI6MTcxMDQ2MTU2OSwiaWF0IjoxNzEwNDU3OTY5fQ.Gnp_H-7dmExq4xvN9uJhUgeo2VLV2y_FrXd8rxtQOMc
				Accept=application/xml
				Content-Type=application/xml; charset=ISO-8859-1
Cookies:		<none>
Multiparts:		<none>
Body:
<bookVO>
  <author>Nigel Poulton</author>
  <launchDate>2024-03-14T20:12:49.199-03:00</launchDate>
  <price>55.99</price>
  <title>Docker Deep Dive</title>
</bookVO>
2024-03-14T20:12:49.253-03:00  INFO 17400 --- [nio-8888-exec-7] br.com.erudio.services.UserServices      : Finding one user by name leandro!
2024-03-14T20:12:49.298-03:00  INFO 17400 --- [nio-8888-exec-7] br.com.erudio.services.BookServices      : Creating one book!
HTTP/1.1 200 
Vary: Origin
Vary: Access-Control-Request-Method
Vary: Access-Control-Request-Headers
X-Content-Type-Options: nosniff
X-XSS-Protection: 0
Cache-Control: no-cache, no-store, max-age=0, must-revalidate
Pragma: no-cache
Expires: 0
X-Frame-Options: DENY
Content-Type: application/xml
Transfer-Encoding: chunked
Date: Thu, 14 Mar 2024 23:12:48 GMT
Keep-Alive: timeout=60
Connection: keep-alive

<BookVO>
  <id>17</id>
  <author>Nigel Poulton</author>
  <launchDate>2024-03-14T23:12:49.199+00:00</launchDate>
  <price>55.99</price>
  <title>Docker Deep Dive</title>
  <links>
    <rel>self</rel>
    <href>http://localhost:8888/api/book/v1/17</href>
  </links>
</BookVO>
]]></system-out>
  </testcase>
  <testcase name="testUpdate" classname="br.com.erudio.integrationtests.controller.withxml.BookControllerXmlTest" time="0.137">
    <system-out><![CDATA[Request method:	POST
Request URI:	http://localhost:8888/api/book/v1
Proxy:			<none>
Request params:	<none>
Query params:	<none>
Form params:	<none>
Path params:	<none>
Headers:		Authorization=Bearer eyJ0eXAiOiJKV1QiLCJhbGciOiJIUzI1NiJ9.eyJzdWIiOiJsZWFuZHJvIiwicm9sZXMiOlsiQURNSU4iLCJNQU5BR0VSIl0sImlzcyI6Imh0dHA6Ly9sb2NhbGhvc3Q6ODg4OCIsImV4cCI6MTcxMDQ2MTU2OSwiaWF0IjoxNzEwNDU3OTY5fQ.Gnp_H-7dmExq4xvN9uJhUgeo2VLV2y_FrXd8rxtQOMc
				Accept=application/xml
				Content-Type=application/xml; charset=ISO-8859-1
Cookies:		<none>
Multiparts:		<none>
Body:
<bookVO>
  <author>Nigel Poulton</author>
  <id>17</id>
  <launchDate>2024-03-14T20:12:49.199-03:00</launchDate>
  <price>55.99</price>
  <title>Docker Deep Dive - Updated</title>
</bookVO>
2024-03-14T20:12:49.454-03:00  INFO 17400 --- [io-8888-exec-10] br.com.erudio.services.UserServices      : Finding one user by name leandro!
2024-03-14T20:12:49.471-03:00  INFO 17400 --- [io-8888-exec-10] br.com.erudio.services.BookServices      : Creating one book!
HTTP/1.1 200 
Vary: Origin
Vary: Access-Control-Request-Method
Vary: Access-Control-Request-Headers
X-Content-Type-Options: nosniff
X-XSS-Protection: 0
Cache-Control: no-cache, no-store, max-age=0, must-revalidate
Pragma: no-cache
Expires: 0
X-Frame-Options: DENY
Content-Type: application/xml
Transfer-Encoding: chunked
Date: Thu, 14 Mar 2024 23:12:48 GMT
Keep-Alive: timeout=60
Connection: keep-alive

<BookVO>
  <id>17</id>
  <author>Nigel Poulton</author>
  <launchDate>2024-03-14T23:12:49.199+00:00</launchDate>
  <price>55.99</price>
  <title>Docker Deep Dive - Updated</title>
  <links>
    <rel>self</rel>
    <href>http://localhost:8888/api/book/v1/17</href>
  </links>
</BookVO>
]]></system-out>
  </testcase>
  <testcase name="testFindById" classname="br.com.erudio.integrationtests.controller.withxml.BookControllerXmlTest" time="0.059">
    <system-out><![CDATA[Request method:	GET
Request URI:	http://localhost:8888/api/book/v1/17
Proxy:			<none>
Request params:	<none>
Query params:	<none>
Form params:	<none>
Path params:	id=17
Headers:		Authorization=Bearer eyJ0eXAiOiJKV1QiLCJhbGciOiJIUzI1NiJ9.eyJzdWIiOiJsZWFuZHJvIiwicm9sZXMiOlsiQURNSU4iLCJNQU5BR0VSIl0sImlzcyI6Imh0dHA6Ly9sb2NhbGhvc3Q6ODg4OCIsImV4cCI6MTcxMDQ2MTU2OSwiaWF0IjoxNzEwNDU3OTY5fQ.Gnp_H-7dmExq4xvN9uJhUgeo2VLV2y_FrXd8rxtQOMc
				Accept=application/xml
				Content-Type=application/xml; charset=ISO-8859-1
Cookies:		<none>
Multiparts:		<none>
Body:			<none>
2024-03-14T20:12:49.591-03:00  INFO 17400 --- [nio-8888-exec-8] br.com.erudio.services.UserServices      : Finding one user by name leandro!
2024-03-14T20:12:49.604-03:00  INFO 17400 --- [nio-8888-exec-8] br.com.erudio.services.BookServices      : Finding one book!
HTTP/1.1 200 
Vary: Origin
Vary: Access-Control-Request-Method
Vary: Access-Control-Request-Headers
X-Content-Type-Options: nosniff
X-XSS-Protection: 0
Cache-Control: no-cache, no-store, max-age=0, must-revalidate
Pragma: no-cache
Expires: 0
X-Frame-Options: DENY
Content-Type: application/xml
Transfer-Encoding: chunked
Date: Thu, 14 Mar 2024 23:12:48 GMT
Keep-Alive: timeout=60
Connection: keep-alive

<BookVO>
  <id>17</id>
  <author>Nigel Poulton</author>
  <launchDate>2024-03-14T03:00:00.000+00:00</launchDate>
  <price>55.99</price>
  <title>Docker Deep Dive - Updated</title>
  <links>
    <rel>self</rel>
    <href>http://localhost:8888/api/book/v1/17</href>
  </links>
</BookVO>
]]></system-out>
  </testcase>
  <testcase name="testDelete" classname="br.com.erudio.integrationtests.controller.withxml.BookControllerXmlTest" time="0.605">
    <system-out><![CDATA[Request method:	DELETE
Request URI:	http://localhost:8888/api/book/v1/17
Proxy:			<none>
Request params:	<none>
Query params:	<none>
Form params:	<none>
Path params:	id=17
Headers:		Authorization=Bearer eyJ0eXAiOiJKV1QiLCJhbGciOiJIUzI1NiJ9.eyJzdWIiOiJsZWFuZHJvIiwicm9sZXMiOlsiQURNSU4iLCJNQU5BR0VSIl0sImlzcyI6Imh0dHA6Ly9sb2NhbGhvc3Q6ODg4OCIsImV4cCI6MTcxMDQ2MTU2OSwiaWF0IjoxNzEwNDU3OTY5fQ.Gnp_H-7dmExq4xvN9uJhUgeo2VLV2y_FrXd8rxtQOMc
				Accept=application/xml
				Content-Type=application/xml; charset=ISO-8859-1
Cookies:		<none>
Multiparts:		<none>
Body:			<none>
2024-03-14T20:12:49.653-03:00  INFO 17400 --- [nio-8888-exec-1] br.com.erudio.services.UserServices      : Finding one user by name leandro!
2024-03-14T20:12:49.666-03:00  INFO 17400 --- [nio-8888-exec-1] br.com.erudio.services.BookServices      : Deleting one book!
HTTP/1.1 204 
Vary: Origin
Vary: Access-Control-Request-Method
Vary: Access-Control-Request-Headers
X-Content-Type-Options: nosniff
X-XSS-Protection: 0
Cache-Control: no-cache, no-store, max-age=0, must-revalidate
Pragma: no-cache
Expires: 0
X-Frame-Options: DENY
Date: Thu, 14 Mar 2024 23:12:50 GMT
Keep-Alive: timeout=60
Connection: keep-alive
]]></system-out>
  </testcase>
  <testcase name="testFindAll" classname="br.com.erudio.integrationtests.controller.withxml.BookControllerXmlTest" time="0.07">
    <system-out><![CDATA[Request method:	GET
Request URI:	http://localhost:8888/api/book/v1?page=0&limit=12&direction=asc
Proxy:			<none>
Request params:	<none>
Query params:	page=0
				limit=12
				direction=asc
Form params:	<none>
Path params:	<none>
Headers:		Authorization=Bearer eyJ0eXAiOiJKV1QiLCJhbGciOiJIUzI1NiJ9.eyJzdWIiOiJsZWFuZHJvIiwicm9sZXMiOlsiQURNSU4iLCJNQU5BR0VSIl0sImlzcyI6Imh0dHA6Ly9sb2NhbGhvc3Q6ODg4OCIsImV4cCI6MTcxMDQ2MTU2OSwiaWF0IjoxNzEwNDU3OTY5fQ.Gnp_H-7dmExq4xvN9uJhUgeo2VLV2y_FrXd8rxtQOMc
				Accept=application/xml
				Content-Type=application/xml; charset=ISO-8859-1
Cookies:		<none>
Multiparts:		<none>
Body:			<none>
2024-03-14T20:12:50.249-03:00  INFO 17400 --- [nio-8888-exec-9] br.com.erudio.services.UserServices      : Finding one user by name leandro!
2024-03-14T20:12:50.258-03:00  INFO 17400 --- [nio-8888-exec-9] br.com.erudio.services.BookServices      : Finding all books!
HTTP/1.1 200 
Vary: Origin
Vary: Access-Control-Request-Method
Vary: Access-Control-Request-Headers
X-Content-Type-Options: nosniff
X-XSS-Protection: 0
Cache-Control: no-cache, no-store, max-age=0, must-revalidate
Pragma: no-cache
Expires: 0
X-Frame-Options: DENY
Content-Type: application/xml
Transfer-Encoding: chunked
Date: Thu, 14 Mar 2024 23:12:50 GMT
Keep-Alive: timeout=60
Connection: keep-alive

<PagedModel>
  <links>
    <rel>first</rel>
    <href>http://localhost:8888/api/book/v1?direction=asc&amp;page=0&amp;size=12&amp;sort=title,asc</href>
  </links>
  <links>
    <rel>self</rel>
    <href>http://localhost:8888/api/book/v1?page=0&amp;size=12&amp;direction=asc</href>
  </links>
  <links>
    <rel>next</rel>
    <href>http://localhost:8888/api/book/v1?direction=asc&amp;page=1&amp;size=12&amp;sort=title,asc</href>
  </links>
  <links>
    <rel>last</rel>
    <href>http://localhost:8888/api/book/v1?direction=asc&amp;page=1&amp;size=12&amp;sort=title,asc</href>
  </links>
  <content>
    <content>
      <id>12</id>
      <author>Viktor Mayer-Schonberger e Kenneth Kukier</author>
      <launchDate>2017-11-07T02:00:00.000+00:00</launchDate>
      <price>54.0</price>
      <title>Big Data: como extrair volume, variedade, velocidade e valor da avalanche de informação cotidiana</title>
      <links>
        <rel>self</rel>
        <href>http://localhost:8888/api/book/v1/12</href>
      </links>
    </content>
    <content>
      <id>3</id>
      <author>Robert C. Martin</author>
      <launchDate>2009-01-10T02:00:00.000+00:00</launchDate>
      <price>77.0</price>
      <title>Clean Code</title>
      <links>
        <rel>self</rel>
        <href>http://localhost:8888/api/book/v1/3</href>
      </links>
    </content>
    <content>
      <id>5</id>
      <author>Steve McConnell</author>
      <launchDate>2017-11-07T02:00:00.000+00:00</launchDate>
      <price>58.0</price>
      <title>Code complete</title>
      <links>
        <rel>self</rel>
        <href>http://localhost:8888/api/book/v1/5</href>
      </links>
    </content>
    <content>
      <id>2</id>
      <author>Ralph Johnson, Erich Gamma, John Vlissides e Richard Helm</author>
      <launchDate>2017-11-29T02:00:00.000+00:00</launchDate>
      <price>45.0</price>
      <title>Design Patterns</title>
      <links>
        <rel>self</rel>
        <href>http://localhost:8888/api/book/v1/2</href>
      </links>
    </content>
    <content>
      <id>8</id>
      <author>Eric Evans</author>
      <launchDate>2017-11-07T02:00:00.000+00:00</launchDate>
      <price>92.0</price>
      <title>Domain Driven Design</title>
      <links>
        <rel>self</rel>
        <href>http://localhost:8888/api/book/v1/8</href>
      </links>
    </content>
    <content>
      <id>11</id>
      <author>Roger S. Pressman</author>
      <launchDate>2017-11-07T02:00:00.000+00:00</launchDate>
      <price>56.0</price>
      <title>Engenharia de Software: uma abordagem profissional</title>
      <links>
        <rel>self</rel>
        <href>http://localhost:8888/api/book/v1/11</href>
      </links>
    </content>
    <content>
      <id>7</id>
      <author>Eric Freeman, Elisabeth Freeman, Kathy Sierra, Bert Bates</author>
      <launchDate>2017-11-07T02:00:00.000+00:00</launchDate>
      <price>110.0</price>
      <title>Head First Design Patterns</title>
      <links>
        <rel>self</rel>
        <href>http://localhost:8888/api/book/v1/7</href>
      </links>
    </content>
    <content>
      <id>15</id>
      <author>Aguinaldo Aragon Fernandes e Vladimir Ferraz de Abreu</author>
      <launchDate>2017-11-07T02:00:00.000+00:00</launchDate>
      <price>54.0</price>
      <title>Implantando a governança de TI</title>
      <links>
        <rel>self</rel>
        <href>http://localhost:8888/api/book/v1/15</href>
      </links>
    </content>
    <content>
      <id>9</id>
      <author>Brian Goetz e Tim Peierls</author>
      <launchDate>2017-11-07T02:00:00.000+00:00</launchDate>
      <price>80.0</price>
      <title>Java Concurrency in Practice</title>
      <links>
        <rel>self</rel>
        <href>http://localhost:8888/api/book/v1/9</href>
      </links>
    </content>
    <content>
      <id>4</id>
      <author>Crockford</author>
      <launchDate>2017-11-07T02:00:00.000+00:00</launchDate>
      <price>67.0</price>
      <title>JavaScript</title>
      <links>
        <rel>self</rel>
        <href>http://localhost:8888/api/book/v1/4</href>
      </links>
    </content>
    <content>
      <id>10</id>
      <author>Susan Cain</author>
      <launchDate>2017-11-07T02:00:00.000+00:00</launchDate>
      <price>123.0</price>
      <title>O poder dos quietos</title>
      <links>
        <rel>self</rel>
        <href>http://localhost:8888/api/book/v1/10</href>
      </links>
    </content>
    <content>
      <id>13</id>
      <author>Richard Hunter e George Westerman</author>
      <launchDate>2017-11-07T02:00:00.000+00:00</launchDate>
      <price>95.0</price>
      <title>O verdadeiro valor de TI</title>
      <links>
        <rel>self</rel>
        <href>http://localhost:8888/api/book/v1/13</href>
      </links>
    </content>
  </content>
  <page>
    <size>12</size>
    <totalElements>15</totalElements>
    <totalPages>2</totalPages>
    <number>0</number>
  </page>
</PagedModel>
]]></system-out>
  </testcase>
  <testcase name="testFindAllWithoutToken" classname="br.com.erudio.integrationtests.controller.withxml.BookControllerXmlTest" time="0.017">
    <system-out><![CDATA[Request method:	GET
Request URI:	http://localhost:8888/api/book/v1
Proxy:			<none>
Request params:	<none>
Query params:	<none>
Form params:	<none>
Path params:	<none>
Headers:		Accept=application/xml
				Content-Type=application/xml; charset=ISO-8859-1
Cookies:		<none>
Multiparts:		<none>
Body:			<none>
HTTP/1.1 403 
Vary: Origin
Vary: Access-Control-Request-Method
Vary: Access-Control-Request-Headers
X-Content-Type-Options: nosniff
X-XSS-Protection: 0
Cache-Control: no-cache, no-store, max-age=0, must-revalidate
Pragma: no-cache
Expires: 0
X-Frame-Options: DENY
Content-Length: 0
Date: Thu, 14 Mar 2024 23:12:50 GMT
Keep-Alive: timeout=60
Connection: keep-alive
]]></system-out>
  </testcase>
  <testcase name="testHATEOAS" classname="br.com.erudio.integrationtests.controller.withxml.BookControllerXmlTest" time="0.058">
    <system-out><![CDATA[Request method:	GET
Request URI:	http://localhost:8888/api/book/v1?page=0&size=12&direction=asc
Proxy:			<none>
Request params:	<none>
Query params:	page=0
				size=12
				direction=asc
Form params:	<none>
Path params:	<none>
Headers:		Authorization=Bearer eyJ0eXAiOiJKV1QiLCJhbGciOiJIUzI1NiJ9.eyJzdWIiOiJsZWFuZHJvIiwicm9sZXMiOlsiQURNSU4iLCJNQU5BR0VSIl0sImlzcyI6Imh0dHA6Ly9sb2NhbGhvc3Q6ODg4OCIsImV4cCI6MTcxMDQ2MTU2OSwiaWF0IjoxNzEwNDU3OTY5fQ.Gnp_H-7dmExq4xvN9uJhUgeo2VLV2y_FrXd8rxtQOMc
				Accept=application/xml
				Content-Type=application/xml; charset=ISO-8859-1
Cookies:		<none>
Multiparts:		<none>
Body:			<none>
2024-03-14T20:12:50.341-03:00  INFO 17400 --- [nio-8888-exec-3] br.com.erudio.services.UserServices      : Finding one user by name leandro!
2024-03-14T20:12:50.351-03:00  INFO 17400 --- [nio-8888-exec-3] br.com.erudio.services.BookServices      : Finding all books!
HTTP/1.1 200 
Vary: Origin
Vary: Access-Control-Request-Method
Vary: Access-Control-Request-Headers
X-Content-Type-Options: nosniff
X-XSS-Protection: 0
Cache-Control: no-cache, no-store, max-age=0, must-revalidate
Pragma: no-cache
Expires: 0
X-Frame-Options: DENY
Content-Type: application/xml
Transfer-Encoding: chunked
Date: Thu, 14 Mar 2024 23:12:50 GMT
Keep-Alive: timeout=60
Connection: keep-alive

<PagedModel>
  <links>
    <rel>first</rel>
    <href>http://localhost:8888/api/book/v1?direction=asc&amp;page=0&amp;size=12&amp;sort=title,asc</href>
  </links>
  <links>
    <rel>self</rel>
    <href>http://localhost:8888/api/book/v1?page=0&amp;size=12&amp;direction=asc</href>
  </links>
  <links>
    <rel>next</rel>
    <href>http://localhost:8888/api/book/v1?direction=asc&amp;page=1&amp;size=12&amp;sort=title,asc</href>
  </links>
  <links>
    <rel>last</rel>
    <href>http://localhost:8888/api/book/v1?direction=asc&amp;page=1&amp;size=12&amp;sort=title,asc</href>
  </links>
  <content>
    <content>
      <id>12</id>
      <author>Viktor Mayer-Schonberger e Kenneth Kukier</author>
      <launchDate>2017-11-07T02:00:00.000+00:00</launchDate>
      <price>54.0</price>
      <title>Big Data: como extrair volume, variedade, velocidade e valor da avalanche de informação cotidiana</title>
      <links>
        <rel>self</rel>
        <href>http://localhost:8888/api/book/v1/12</href>
      </links>
    </content>
    <content>
      <id>3</id>
      <author>Robert C. Martin</author>
      <launchDate>2009-01-10T02:00:00.000+00:00</launchDate>
      <price>77.0</price>
      <title>Clean Code</title>
      <links>
        <rel>self</rel>
        <href>http://localhost:8888/api/book/v1/3</href>
      </links>
    </content>
    <content>
      <id>5</id>
      <author>Steve McConnell</author>
      <launchDate>2017-11-07T02:00:00.000+00:00</launchDate>
      <price>58.0</price>
      <title>Code complete</title>
      <links>
        <rel>self</rel>
        <href>http://localhost:8888/api/book/v1/5</href>
      </links>
    </content>
    <content>
      <id>2</id>
      <author>Ralph Johnson, Erich Gamma, John Vlissides e Richard Helm</author>
      <launchDate>2017-11-29T02:00:00.000+00:00</launchDate>
      <price>45.0</price>
      <title>Design Patterns</title>
      <links>
        <rel>self</rel>
        <href>http://localhost:8888/api/book/v1/2</href>
      </links>
    </content>
    <content>
      <id>8</id>
      <author>Eric Evans</author>
      <launchDate>2017-11-07T02:00:00.000+00:00</launchDate>
      <price>92.0</price>
      <title>Domain Driven Design</title>
      <links>
        <rel>self</rel>
        <href>http://localhost:8888/api/book/v1/8</href>
      </links>
    </content>
    <content>
      <id>11</id>
      <author>Roger S. Pressman</author>
      <launchDate>2017-11-07T02:00:00.000+00:00</launchDate>
      <price>56.0</price>
      <title>Engenharia de Software: uma abordagem profissional</title>
      <links>
        <rel>self</rel>
        <href>http://localhost:8888/api/book/v1/11</href>
      </links>
    </content>
    <content>
      <id>7</id>
      <author>Eric Freeman, Elisabeth Freeman, Kathy Sierra, Bert Bates</author>
      <launchDate>2017-11-07T02:00:00.000+00:00</launchDate>
      <price>110.0</price>
      <title>Head First Design Patterns</title>
      <links>
        <rel>self</rel>
        <href>http://localhost:8888/api/book/v1/7</href>
      </links>
    </content>
    <content>
      <id>15</id>
      <author>Aguinaldo Aragon Fernandes e Vladimir Ferraz de Abreu</author>
      <launchDate>2017-11-07T02:00:00.000+00:00</launchDate>
      <price>54.0</price>
      <title>Implantando a governança de TI</title>
      <links>
        <rel>self</rel>
        <href>http://localhost:8888/api/book/v1/15</href>
      </links>
    </content>
    <content>
      <id>9</id>
      <author>Brian Goetz e Tim Peierls</author>
      <launchDate>2017-11-07T02:00:00.000+00:00</launchDate>
      <price>80.0</price>
      <title>Java Concurrency in Practice</title>
      <links>
        <rel>self</rel>
        <href>http://localhost:8888/api/book/v1/9</href>
      </links>
    </content>
    <content>
      <id>4</id>
      <author>Crockford</author>
      <launchDate>2017-11-07T02:00:00.000+00:00</launchDate>
      <price>67.0</price>
      <title>JavaScript</title>
      <links>
        <rel>self</rel>
        <href>http://localhost:8888/api/book/v1/4</href>
      </links>
    </content>
    <content>
      <id>10</id>
      <author>Susan Cain</author>
      <launchDate>2017-11-07T02:00:00.000+00:00</launchDate>
      <price>123.0</price>
      <title>O poder dos quietos</title>
      <links>
        <rel>self</rel>
        <href>http://localhost:8888/api/book/v1/10</href>
      </links>
    </content>
    <content>
      <id>13</id>
      <author>Richard Hunter e George Westerman</author>
      <launchDate>2017-11-07T02:00:00.000+00:00</launchDate>
      <price>95.0</price>
      <title>O verdadeiro valor de TI</title>
      <links>
        <rel>self</rel>
        <href>http://localhost:8888/api/book/v1/13</href>
      </links>
    </content>
  </content>
  <page>
    <size>12</size>
    <totalElements>15</totalElements>
    <totalPages>2</totalPages>
    <number>0</number>
  </page>
</PagedModel>
]]></system-out>
  </testcase>
</testsuite>