<?xml version="1.0" encoding="UTF-8"?>
<testsuite xmlns:xsi="http://www.w3.org/2001/XMLSchema-instance" xsi:noNamespaceSchemaLocation="https://maven.apache.org/surefire/maven-surefire-plugin/xsd/surefire-test-report-3.0.xsd" version="3.0" name="br.com.erudio.integrationtests.controller.withyaml.AuthControllerYamlTest" time="0.527" tests="2" errors="0" skipped="0" failures="0">
  <properties>
[...]
</properties>
  <testcase name="testSignin" classname="br.com.erudio.integrationtests.controller.withyaml.AuthControllerYamlTest" time="0.449">
    <system-out><![CDATA[2024-03-14T20:12:51.508-03:00  INFO 17400 --- [           main] t.c.s.AnnotationConfigContextLoaderUtils : Could not detect default configuration classes for test class [br.com.erudio.integrationtests.testcontainers.AbstractIntegrationTest]: AbstractIntegrationTest does not declare any static, non-private, non-final, nested classes annotated with @Configuration.
2024-03-14T20:12:51.534-03:00  INFO 17400 --- [           main] .b.t.c.SpringBootTestContextBootstrapper : Found @SpringBootConfiguration br.com.erudio.Startup for test class br.com.erudio.integrationtests.controller.withyaml.AuthControllerYamlTest
Request method:	POST
Request URI:	http://localhost:8888/auth/signin
Proxy:			<none>
Request params:	<none>
Query params:	<none>
Form params:	<none>
Path params:	<none>
Headers:		Accept=application/x-yaml
				Content-Type=application/x-yaml; charset=ISO-8859-1
Cookies:		<none>
Multiparts:		<none>
Body:
---
username: "leandro"
password: "admin123"

2024-03-14T20:12:51.593-03:00  INFO 17400 --- [io-8888-exec-17] br.com.erudio.services.UserServices      : Finding one user by name leandro!
HTTP/1.1 200 
Vary: Origin
Vary: Access-Control-Request-Method
Vary: Access-Control-Request-Headers
X-Content-Type-Options: nosniff
X-XSS-Protection: 0
Cache-Control: no-cache, no-store, max-age=0, must-revalidate
Pragma: no-cache
Expires: 0
X-Frame-Options: DENY
Content-Type: application/x-yaml
Transfer-Encoding: chunked
Date: Thu, 14 Mar 2024 23:12:51 GMT
Keep-Alive: timeout=60
Connection: keep-alive

---
username: "leandro"
authenticated: true
created: 1710457971966
expiration: 1710461571966
accessToken: "eyJ0eXAiOiJKV1QiLCJhbGciOiJIUzI1NiJ9.eyJzdWIiOiJsZWFuZHJvIiwicm9sZXMiOlsiQURNSU4iLCJNQU5BR0VSIl0sImlzcyI6Imh0dHA6Ly9sb2NhbGhvc3Q6ODg4OCIsImV4cCI6MTcxMDQ2MTU3MSwiaWF0IjoxNzEwNDU3OTcxfQ.rVybtfwPEQaTD1_1MlApbHh6jdSddKFFLUDzLNdzXUI"
refreshToken: "eyJ0eXAiOiJKV1QiLCJhbGciOiJIUzI1NiJ9.eyJzdWIiOiJsZWFuZHJvIiwicm9sZXMiOlsiQURNSU4iLCJNQU5BR0VSIl0sImV4cCI6MTcxMDQ2ODc3MSwiaWF0IjoxNzEwNDU3OTcxfQ.cFnk1St2PiIUpURCDYOeHsKUDcdRGdZPdLqtE1dDxTY"

2024-03-14T20:12:51.983-03:00  INFO 17400 --- [           main] b.c.e.i.c.withyaml.mapper.YMLMapper      : Trying deserialize object of typeclass br.com.erudio.integrationtests.vo.TokenVO
]]></system-out>
  </testcase>
  <testcase name="testRefresh" classname="br.com.erudio.integrationtests.controller.withyaml.AuthControllerYamlTest" time="0.042">
    <system-out><![CDATA[2024-03-14T20:12:52.001-03:00  INFO 17400 --- [io-8888-exec-18] br.com.erudio.services.UserServices      : Finding one user by name leandro!
2024-03-14T20:12:52.029-03:00  INFO 17400 --- [           main] b.c.e.i.c.withyaml.mapper.YMLMapper      : Trying deserialize object of typeclass br.com.erudio.integrationtests.vo.TokenVO
]]></system-out>
  </testcase>
</testsuite>