<?xml version="1.0" encoding="UTF-8"?>
<testsuite xmlns:xsi="http://www.w3.org/2001/XMLSchema-instance" xsi:noNamespaceSchemaLocation="https://maven.apache.org/surefire/maven-surefire-plugin/xsd/surefire-test-report-3.0.xsd" version="3.0" name="br.com.erudio.integrationtests.controller.withjson.PersonControllerJsonTest" time="1.64" tests="10" errors="0" skipped="0" failures="0">
  <properties>
[...]
</properties>
  <testcase name="authorization" classname="br.com.erudio.integrationtests.controller.withjson.PersonControllerJsonTest" time="0.441">
    <system-out><![CDATA[2024-03-14T20:12:46.110-03:00  INFO 17400 --- [           main] t.c.s.AnnotationConfigContextLoaderUtils : Could not detect default configuration classes for test class [br.com.erudio.integrationtests.testcontainers.AbstractIntegrationTest]: AbstractIntegrationTest does not declare any static, non-private, non-final, nested classes annotated with @Configuration.
2024-03-14T20:12:46.114-03:00  INFO 17400 --- [           main] .b.t.c.SpringBootTestContextBootstrapper : Found @SpringBootConfiguration br.com.erudio.Startup for test class br.com.erudio.integrationtests.controller.withjson.PersonControllerJsonTest
2024-03-14T20:12:46.146-03:00  INFO 17400 --- [nio-8888-exec-4] br.com.erudio.services.UserServices      : Finding one user by name leandro!
]]></system-out>
  </testcase>
  <testcase name="testCreate" classname="br.com.erudio.integrationtests.controller.withjson.PersonControllerJsonTest" time="0.134">
    <system-out><![CDATA[Request method:	POST
Request URI:	http://localhost:8888/api/person/v1
Proxy:			<none>
Request params:	<none>
Query params:	<none>
Form params:	<none>
Path params:	<none>
Headers:		Authorization=Bearer eyJ0eXAiOiJKV1QiLCJhbGciOiJIUzI1NiJ9.eyJzdWIiOiJsZWFuZHJvIiwicm9sZXMiOlsiQURNSU4iLCJNQU5BR0VSIl0sImlzcyI6Imh0dHA6Ly9sb2NhbGhvc3Q6ODg4OCIsImV4cCI6MTcxMDQ2MTU2NiwiaWF0IjoxNzEwNDU3OTY2fQ.dthfWN46wW3ZFYAaX9OOFSYcbVYR76oleXGy1IUsjHo
				Accept=*/*
				Content-Type=application/json
Cookies:		<none>
Multiparts:		<none>
Body:
{
    "id": null,
    "firstName": "Nelson",
    "lastName": "Piquet",
    "address": "Brasília - DF - Brasil",
    "gender": "Male",
    "enabled": true
}
2024-03-14T20:12:46.600-03:00  INFO 17400 --- [nio-8888-exec-5] br.com.erudio.services.UserServices      : Finding one user by name leandro!
2024-03-14T20:12:46.614-03:00  INFO 17400 --- [nio-8888-exec-5] br.com.erudio.services.PersonServices    : Creating one person!
HTTP/1.1 200 
Vary: Origin
Vary: Access-Control-Request-Method
Vary: Access-Control-Request-Headers
X-Content-Type-Options: nosniff
X-XSS-Protection: 0
Cache-Control: no-cache, no-store, max-age=0, must-revalidate
Pragma: no-cache
Expires: 0
X-Frame-Options: DENY
Content-Type: application/json
Transfer-Encoding: chunked
Date: Thu, 14 Mar 2024 23:12:45 GMT
Keep-Alive: timeout=60
Connection: keep-alive

{
    "id": 1012,
    "firstName": "Nelson",
    "lastName": "Piquet",
    "address": "Brasília - DF - Brasil",
    "gender": "Male",
    "enabled": true,
    "_links": {
        "self": {
            "href": "http://localhost:8888/api/person/v1/1012"
        }
    }
}
]]></system-out>
  </testcase>
  <testcase name="testUpdate" classname="br.com.erudio.integrationtests.controller.withjson.PersonControllerJsonTest" time="0.138">
    <system-out><![CDATA[Request method:	POST
Request URI:	http://localhost:8888/api/person/v1
Proxy:			<none>
Request params:	<none>
Query params:	<none>
Form params:	<none>
Path params:	<none>
Headers:		Authorization=Bearer eyJ0eXAiOiJKV1QiLCJhbGciOiJIUzI1NiJ9.eyJzdWIiOiJsZWFuZHJvIiwicm9sZXMiOlsiQURNSU4iLCJNQU5BR0VSIl0sImlzcyI6Imh0dHA6Ly9sb2NhbGhvc3Q6ODg4OCIsImV4cCI6MTcxMDQ2MTU2NiwiaWF0IjoxNzEwNDU3OTY2fQ.dthfWN46wW3ZFYAaX9OOFSYcbVYR76oleXGy1IUsjHo
				Accept=*/*
				Content-Type=application/json
Cookies:		<none>
Multiparts:		<none>
Body:
{
    "id": 1012,
    "firstName": "Nelson",
    "lastName": "Piquet Souto Maior",
    "address": "Brasília - DF - Brasil",
    "gender": "Male",
    "enabled": true
}
2024-03-14T20:12:46.719-03:00  INFO 17400 --- [nio-8888-exec-6] br.com.erudio.services.UserServices      : Finding one user by name leandro!
2024-03-14T20:12:46.733-03:00  INFO 17400 --- [nio-8888-exec-6] br.com.erudio.services.PersonServices    : Creating one person!
HTTP/1.1 200 
Vary: Origin
Vary: Access-Control-Request-Method
Vary: Access-Control-Request-Headers
X-Content-Type-Options: nosniff
X-XSS-Protection: 0
Cache-Control: no-cache, no-store, max-age=0, must-revalidate
Pragma: no-cache
Expires: 0
X-Frame-Options: DENY
Content-Type: application/json
Transfer-Encoding: chunked
Date: Thu, 14 Mar 2024 23:12:45 GMT
Keep-Alive: timeout=60
Connection: keep-alive

{
    "id": 1012,
    "firstName": "Nelson",
    "lastName": "Piquet Souto Maior",
    "address": "Brasília - DF - Brasil",
    "gender": "Male",
    "enabled": true,
    "_links": {
        "self": {
            "href": "http://localhost:8888/api/person/v1/1012"
        }
    }
}
]]></system-out>
  </testcase>
  <testcase name="testDisablePersonById" classname="br.com.erudio.integrationtests.controller.withjson.PersonControllerJsonTest" time="0.18">
    <system-out><![CDATA[Request method:	PATCH
Request URI:	http://localhost:8888/api/person/v1/1012
Proxy:			<none>
Request params:	<none>
Query params:	<none>
Form params:	<none>
Path params:	id=1012
Headers:		Authorization=Bearer eyJ0eXAiOiJKV1QiLCJhbGciOiJIUzI1NiJ9.eyJzdWIiOiJsZWFuZHJvIiwicm9sZXMiOlsiQURNSU4iLCJNQU5BR0VSIl0sImlzcyI6Imh0dHA6Ly9sb2NhbGhvc3Q6ODg4OCIsImV4cCI6MTcxMDQ2MTU2NiwiaWF0IjoxNzEwNDU3OTY2fQ.dthfWN46wW3ZFYAaX9OOFSYcbVYR76oleXGy1IUsjHo
				Accept=*/*
				Content-Type=application/json
Cookies:		<none>
Multiparts:		<none>
Body:			<none>
2024-03-14T20:12:46.866-03:00  INFO 17400 --- [nio-8888-exec-7] br.com.erudio.services.UserServices      : Finding one user by name leandro!
2024-03-14T20:12:46.889-03:00  INFO 17400 --- [nio-8888-exec-7] br.com.erudio.services.PersonServices    : Disabling one person!
HTTP/1.1 200 
Vary: Origin
Vary: Access-Control-Request-Method
Vary: Access-Control-Request-Headers
X-Content-Type-Options: nosniff
X-XSS-Protection: 0
Cache-Control: no-cache, no-store, max-age=0, must-revalidate
Pragma: no-cache
Expires: 0
X-Frame-Options: DENY
Content-Type: application/json
Transfer-Encoding: chunked
Date: Thu, 14 Mar 2024 23:12:47 GMT
Keep-Alive: timeout=60
Connection: keep-alive

{
    "id": 1012,
    "firstName": "Nelson",
    "lastName": "Piquet Souto Maior",
    "address": "Brasília - DF - Brasil",
    "gender": "Male",
    "enabled": false,
    "_links": {
        "self": {
            "href": "http://localhost:8888/api/person/v1/1012"
        }
    }
}
]]></system-out>
  </testcase>
  <testcase name="testFindById" classname="br.com.erudio.integrationtests.controller.withjson.PersonControllerJsonTest" time="0.066">
    <system-out><![CDATA[Request method:	GET
Request URI:	http://localhost:8888/api/person/v1/1012
Proxy:			<none>
Request params:	<none>
Query params:	<none>
Form params:	<none>
Path params:	id=1012
Headers:		Authorization=Bearer eyJ0eXAiOiJKV1QiLCJhbGciOiJIUzI1NiJ9.eyJzdWIiOiJsZWFuZHJvIiwicm9sZXMiOlsiQURNSU4iLCJNQU5BR0VSIl0sImlzcyI6Imh0dHA6Ly9sb2NhbGhvc3Q6ODg4OCIsImV4cCI6MTcxMDQ2MTU2NiwiaWF0IjoxNzEwNDU3OTY2fQ.dthfWN46wW3ZFYAaX9OOFSYcbVYR76oleXGy1IUsjHo
				Accept=*/*
				Content-Type=application/json
Cookies:		<none>
Multiparts:		<none>
Body:			<none>
2024-03-14T20:12:47.038-03:00  INFO 17400 --- [nio-8888-exec-8] br.com.erudio.services.UserServices      : Finding one user by name leandro!
2024-03-14T20:12:47.053-03:00  INFO 17400 --- [nio-8888-exec-8] br.com.erudio.services.PersonServices    : Finding one person!
HTTP/1.1 200 
Vary: Origin
Vary: Access-Control-Request-Method
Vary: Access-Control-Request-Headers
X-Content-Type-Options: nosniff
X-XSS-Protection: 0
Cache-Control: no-cache, no-store, max-age=0, must-revalidate
Pragma: no-cache
Expires: 0
X-Frame-Options: DENY
Content-Type: application/json
Transfer-Encoding: chunked
Date: Thu, 14 Mar 2024 23:12:47 GMT
Keep-Alive: timeout=60
Connection: keep-alive

{
    "id": 1012,
    "firstName": "Nelson",
    "lastName": "Piquet Souto Maior",
    "address": "Brasília - DF - Brasil",
    "gender": "Male",
    "enabled": false,
    "_links": {
        "self": {
            "href": "http://localhost:8888/api/person/v1/1012"
        }
    }
}
]]></system-out>
  </testcase>
  <testcase name="testDelete" classname="br.com.erudio.integrationtests.controller.withjson.PersonControllerJsonTest" time="0.256">
    <system-out><![CDATA[Request method:	DELETE
Request URI:	http://localhost:8888/api/person/v1/1012
Proxy:			<none>
Request params:	<none>
Query params:	<none>
Form params:	<none>
Path params:	id=1012
Headers:		Authorization=Bearer eyJ0eXAiOiJKV1QiLCJhbGciOiJIUzI1NiJ9.eyJzdWIiOiJsZWFuZHJvIiwicm9sZXMiOlsiQURNSU4iLCJNQU5BR0VSIl0sImlzcyI6Imh0dHA6Ly9sb2NhbGhvc3Q6ODg4OCIsImV4cCI6MTcxMDQ2MTU2NiwiaWF0IjoxNzEwNDU3OTY2fQ.dthfWN46wW3ZFYAaX9OOFSYcbVYR76oleXGy1IUsjHo
				Accept=*/*
				Content-Type=application/json
Cookies:		<none>
Multiparts:		<none>
Body:			<none>
2024-03-14T20:12:47.123-03:00  INFO 17400 --- [io-8888-exec-10] br.com.erudio.services.UserServices      : Finding one user by name leandro!
2024-03-14T20:12:47.151-03:00  INFO 17400 --- [io-8888-exec-10] br.com.erudio.services.PersonServices    : Deleting one person!
HTTP/1.1 204 
Vary: Origin
Vary: Access-Control-Request-Method
Vary: Access-Control-Request-Headers
X-Content-Type-Options: nosniff
X-XSS-Protection: 0
Cache-Control: no-cache, no-store, max-age=0, must-revalidate
Pragma: no-cache
Expires: 0
X-Frame-Options: DENY
Date: Thu, 14 Mar 2024 23:12:47 GMT
Keep-Alive: timeout=60
Connection: keep-alive
]]></system-out>
  </testcase>
  <testcase name="testFindAll" classname="br.com.erudio.integrationtests.controller.withjson.PersonControllerJsonTest" time="0.119">
    <system-out><![CDATA[Request method:	GET
Request URI:	http://localhost:8888/api/person/v1?page=3&size=10&direction=asc
Proxy:			<none>
Request params:	<none>
Query params:	page=3
				size=10
				direction=asc
Form params:	<none>
Path params:	<none>
Headers:		Authorization=Bearer eyJ0eXAiOiJKV1QiLCJhbGciOiJIUzI1NiJ9.eyJzdWIiOiJsZWFuZHJvIiwicm9sZXMiOlsiQURNSU4iLCJNQU5BR0VSIl0sImlzcyI6Imh0dHA6Ly9sb2NhbGhvc3Q6ODg4OCIsImV4cCI6MTcxMDQ2MTU2NiwiaWF0IjoxNzEwNDU3OTY2fQ.dthfWN46wW3ZFYAaX9OOFSYcbVYR76oleXGy1IUsjHo
				Accept=application/json
				Content-Type=application/json
Cookies:		<none>
Multiparts:		<none>
Body:			<none>
2024-03-14T20:12:47.374-03:00  INFO 17400 --- [nio-8888-exec-9] br.com.erudio.services.UserServices      : Finding one user by name leandro!
2024-03-14T20:12:47.392-03:00  INFO 17400 --- [nio-8888-exec-9] br.com.erudio.services.PersonServices    : Finding all people!
HTTP/1.1 200 
Vary: Origin
Vary: Access-Control-Request-Method
Vary: Access-Control-Request-Headers
X-Content-Type-Options: nosniff
X-XSS-Protection: 0
Cache-Control: no-cache, no-store, max-age=0, must-revalidate
Pragma: no-cache
Expires: 0
X-Frame-Options: DENY
Content-Type: application/json
Transfer-Encoding: chunked
Date: Thu, 14 Mar 2024 23:12:47 GMT
Keep-Alive: timeout=60
Connection: keep-alive

{
    "_embedded": {
        "personVOList": [
            {
                "id": 677,
                "firstName": "Alic",
                "lastName": "Terbrug",
                "address": "3 Eagle Crest Court",
                "gender": "Male",
                "enabled": true,
                "_links": {
                    "self": {
                        "href": "http://localhost:8888/api/person/v1/677"
                    }
                }
            },
            {
                "id": 414,
                "firstName": "Alie",
                "lastName": "Yeld",
                "address": "42 Messerschmidt Crossing",
                "gender": "Female",
                "enabled": false,
                "_links": {
                    "self": {
                        "href": "http://localhost:8888/api/person/v1/414"
                    }
                }
            },
            {
                "id": 846,
                "firstName": "Alison",
                "lastName": "Cantua",
                "address": "45 Raven Terrace",
                "gender": "Female",
                "enabled": true,
                "_links": {
                    "self": {
                        "href": "http://localhost:8888/api/person/v1/846"
                    }
                }
            },
            {
                "id": 409,
                "firstName": "Alister",
                "lastName": "Etheridge",
                "address": "333 Lakewood Gardens Street",
                "gender": "Male",
                "enabled": false,
                "_links": {
                    "self": {
                        "href": "http://localhost:8888/api/person/v1/409"
                    }
                }
            },
            {
                "id": 714,
                "firstName": "Alla",
                "lastName": "Astall",
                "address": "72525 Emmet Alley",
                "gender": "Female",
                "enabled": false,
                "_links": {
                    "self": {
                        "href": "http://localhost:8888/api/person/v1/714"
                    }
                }
            },
            {
                "id": 911,
                "firstName": "Allegra",
                "lastName": "Dome",
                "address": "57 Roxbury Pass",
                "gender": "Female",
                "enabled": true,
                "_links": {
                    "self": {
                        "href": "http://localhost:8888/api/person/v1/911"
                    }
                }
            },
            {
                "id": 797,
                "firstName": "Allin",
                "lastName": "Emmot",
                "address": "7913 Lindbergh Way",
                "gender": "Male",
                "enabled": false,
                "_links": {
                    "self": {
                        "href": "http://localhost:8888/api/person/v1/797"
                    }
                }
            },
            {
                "id": 199,
                "firstName": "Allin",
                "lastName": "Otridge",
                "address": "09846 Independence Center",
                "gender": "Male",
                "enabled": false,
                "_links": {
                    "self": {
                        "href": "http://localhost:8888/api/person/v1/199"
                    }
                }
            },
            {
                "id": 686,
                "firstName": "Allyn",
                "lastName": "Josh",
                "address": "119 Declaration Lane",
                "gender": "Female",
                "enabled": false,
                "_links": {
                    "self": {
                        "href": "http://localhost:8888/api/person/v1/686"
                    }
                }
            },
            {
                "id": 687,
                "firstName": "Almeria",
                "lastName": "Curm",
                "address": "34 Burrows Point",
                "gender": "Female",
                "enabled": false,
                "_links": {
                    "self": {
                        "href": "http://localhost:8888/api/person/v1/687"
                    }
                }
            }
        ]
    },
    "_links": {
        "first": {
            "href": "http://localhost:8888/api/person/v1?direction=asc&page=0&size=10&sort=firstName,asc"
        },
        "prev": {
            "href": "http://localhost:8888/api/person/v1?direction=asc&page=2&size=10&sort=firstName,asc"
        },
        "self": {
            "href": "http://localhost:8888/api/person/v1?page=3&size=10&direction=asc"
        },
        "next": {
            "href": "http://localhost:8888/api/person/v1?direction=asc&page=4&size=10&sort=firstName,asc"
        },
        "last": {
            "href": "http://localhost:8888/api/person/v1?direction=asc&page=100&size=10&sort=firstName,asc"
        }
    },
    "page": {
        "size": 10,
        "totalElements": 1007,
        "totalPages": 101,
        "number": 3
    }
}
]]></system-out>
  </testcase>
  <testcase name="testFindByName" classname="br.com.erudio.integrationtests.controller.withjson.PersonControllerJsonTest" time="0.086">
    <system-out><![CDATA[Request method:	GET
Request URI:	http://localhost:8888/api/person/v1/findPersonByName/ayr?page=0&size=6&direction=asc
Proxy:			<none>
Request params:	<none>
Query params:	page=0
				size=6
				direction=asc
Form params:	<none>
Path params:	firstName=ayr
Headers:		Authorization=Bearer eyJ0eXAiOiJKV1QiLCJhbGciOiJIUzI1NiJ9.eyJzdWIiOiJsZWFuZHJvIiwicm9sZXMiOlsiQURNSU4iLCJNQU5BR0VSIl0sImlzcyI6Imh0dHA6Ly9sb2NhbGhvc3Q6ODg4OCIsImV4cCI6MTcxMDQ2MTU2NiwiaWF0IjoxNzEwNDU3OTY2fQ.dthfWN46wW3ZFYAaX9OOFSYcbVYR76oleXGy1IUsjHo
				Accept=application/json
				Content-Type=application/json
Cookies:		<none>
Multiparts:		<none>
Body:			<none>
2024-03-14T20:12:47.489-03:00  INFO 17400 --- [nio-8888-exec-1] br.com.erudio.services.UserServices      : Finding one user by name leandro!
2024-03-14T20:12:47.506-03:00  INFO 17400 --- [nio-8888-exec-1] br.com.erudio.services.PersonServices    : Finding all people!
HTTP/1.1 200 
Vary: Origin
Vary: Access-Control-Request-Method
Vary: Access-Control-Request-Headers
X-Content-Type-Options: nosniff
X-XSS-Protection: 0
Cache-Control: no-cache, no-store, max-age=0, must-revalidate
Pragma: no-cache
Expires: 0
X-Frame-Options: DENY
Content-Type: application/json
Transfer-Encoding: chunked
Date: Thu, 14 Mar 2024 23:12:47 GMT
Keep-Alive: timeout=60
Connection: keep-alive

{
    "_embedded": {
        "personVOList": [
            {
                "id": 1,
                "firstName": "Ayrton",
                "lastName": "Senna",
                "address": "São Paulo",
                "gender": "Male",
                "enabled": true,
                "_links": {
                    "self": {
                        "href": "http://localhost:8888/api/person/v1/1"
                    }
                }
            }
        ]
    },
    "_links": {
        "self": {
            "href": "http://localhost:8888/api/person/v1?page=0&size=6&direction=asc"
        }
    },
    "page": {
        "size": 6,
        "totalElements": 1,
        "totalPages": 1,
        "number": 0
    }
}
]]></system-out>
  </testcase>
  <testcase name="testFindAllWithoutToken" classname="br.com.erudio.integrationtests.controller.withjson.PersonControllerJsonTest" time="0.07">
    <system-out><![CDATA[Request method:	GET
Request URI:	http://localhost:8888/api/person/v1
Proxy:			<none>
Request params:	<none>
Query params:	<none>
Form params:	<none>
Path params:	<none>
Headers:		Accept=*/*
				Content-Type=application/json
Cookies:		<none>
Multiparts:		<none>
Body:			<none>
HTTP/1.1 403 
Vary: Origin
Vary: Access-Control-Request-Method
Vary: Access-Control-Request-Headers
X-Content-Type-Options: nosniff
X-XSS-Protection: 0
Cache-Control: no-cache, no-store, max-age=0, must-revalidate
Pragma: no-cache
Expires: 0
X-Frame-Options: DENY
Content-Length: 0
Date: Thu, 14 Mar 2024 23:12:47 GMT
Keep-Alive: timeout=60
Connection: keep-alive
]]></system-out>
  </testcase>
  <testcase name="testHATEOAS" classname="br.com.erudio.integrationtests.controller.withjson.PersonControllerJsonTest" time="0.117">
    <system-out><![CDATA[Request method:	GET
Request URI:	http://localhost:8888/api/person/v1?page=3&size=10&direction=asc
Proxy:			<none>
Request params:	<none>
Query params:	page=3
				size=10
				direction=asc
Form params:	<none>
Path params:	<none>
Headers:		Authorization=Bearer eyJ0eXAiOiJKV1QiLCJhbGciOiJIUzI1NiJ9.eyJzdWIiOiJsZWFuZHJvIiwicm9sZXMiOlsiQURNSU4iLCJNQU5BR0VSIl0sImlzcyI6Imh0dHA6Ly9sb2NhbGhvc3Q6ODg4OCIsImV4cCI6MTcxMDQ2MTU2NiwiaWF0IjoxNzEwNDU3OTY2fQ.dthfWN46wW3ZFYAaX9OOFSYcbVYR76oleXGy1IUsjHo
				Accept=application/json
				Content-Type=application/json
Cookies:		<none>
Multiparts:		<none>
Body:			<none>
2024-03-14T20:12:47.670-03:00  INFO 17400 --- [nio-8888-exec-3] br.com.erudio.services.UserServices      : Finding one user by name leandro!
2024-03-14T20:12:47.688-03:00  INFO 17400 --- [nio-8888-exec-3] br.com.erudio.services.PersonServices    : Finding all people!
HTTP/1.1 200 
Vary: Origin
Vary: Access-Control-Request-Method
Vary: Access-Control-Request-Headers
X-Content-Type-Options: nosniff
X-XSS-Protection: 0
Cache-Control: no-cache, no-store, max-age=0, must-revalidate
Pragma: no-cache
Expires: 0
X-Frame-Options: DENY
Content-Type: application/json
Transfer-Encoding: chunked
Date: Thu, 14 Mar 2024 23:12:47 GMT
Keep-Alive: timeout=60
Connection: keep-alive

{
    "_embedded": {
        "personVOList": [
            {
                "id": 677,
                "firstName": "Alic",
                "lastName": "Terbrug",
                "address": "3 Eagle Crest Court",
                "gender": "Male",
                "enabled": true,
                "_links": {
                    "self": {
                        "href": "http://localhost:8888/api/person/v1/677"
                    }
                }
            },
            {
                "id": 414,
                "firstName": "Alie",
                "lastName": "Yeld",
                "address": "42 Messerschmidt Crossing",
                "gender": "Female",
                "enabled": false,
                "_links": {
                    "self": {
                        "href": "http://localhost:8888/api/person/v1/414"
                    }
                }
            },
            {
                "id": 846,
                "firstName": "Alison",
                "lastName": "Cantua",
                "address": "45 Raven Terrace",
                "gender": "Female",
                "enabled": true,
                "_links": {
                    "self": {
                        "href": "http://localhost:8888/api/person/v1/846"
                    }
                }
            },
            {
                "id": 409,
                "firstName": "Alister",
                "lastName": "Etheridge",
                "address": "333 Lakewood Gardens Street",
                "gender": "Male",
                "enabled": false,
                "_links": {
                    "self": {
                        "href": "http://localhost:8888/api/person/v1/409"
                    }
                }
            },
            {
                "id": 714,
                "firstName": "Alla",
                "lastName": "Astall",
                "address": "72525 Emmet Alley",
                "gender": "Female",
                "enabled": false,
                "_links": {
                    "self": {
                        "href": "http://localhost:8888/api/person/v1/714"
                    }
                }
            },
            {
                "id": 911,
                "firstName": "Allegra",
                "lastName": "Dome",
                "address": "57 Roxbury Pass",
                "gender": "Female",
                "enabled": true,
                "_links": {
                    "self": {
                        "href": "http://localhost:8888/api/person/v1/911"
                    }
                }
            },
            {
                "id": 797,
                "firstName": "Allin",
                "lastName": "Emmot",
                "address": "7913 Lindbergh Way",
                "gender": "Male",
                "enabled": false,
                "_links": {
                    "self": {
                        "href": "http://localhost:8888/api/person/v1/797"
                    }
                }
            },
            {
                "id": 199,
                "firstName": "Allin",
                "lastName": "Otridge",
                "address": "09846 Independence Center",
                "gender": "Male",
                "enabled": false,
                "_links": {
                    "self": {
                        "href": "http://localhost:8888/api/person/v1/199"
                    }
                }
            },
            {
                "id": 686,
                "firstName": "Allyn",
                "lastName": "Josh",
                "address": "119 Declaration Lane",
                "gender": "Female",
                "enabled": false,
                "_links": {
                    "self": {
                        "href": "http://localhost:8888/api/person/v1/686"
                    }
                }
            },
            {
                "id": 687,
                "firstName": "Almeria",
                "lastName": "Curm",
                "address": "34 Burrows Point",
                "gender": "Female",
                "enabled": false,
                "_links": {
                    "self": {
                        "href": "http://localhost:8888/api/person/v1/687"
                    }
                }
            }
        ]
    },
    "_links": {
        "first": {
            "href": "http://localhost:8888/api/person/v1?direction=asc&page=0&size=10&sort=firstName,asc"
        },
        "prev": {
            "href": "http://localhost:8888/api/person/v1?direction=asc&page=2&size=10&sort=firstName,asc"
        },
        "self": {
            "href": "http://localhost:8888/api/person/v1?page=3&size=10&direction=asc"
        },
        "next": {
            "href": "http://localhost:8888/api/person/v1?direction=asc&page=4&size=10&sort=firstName,asc"
        },
        "last": {
            "href": "http://localhost:8888/api/person/v1?direction=asc&page=100&size=10&sort=firstName,asc"
        }
    },
    "page": {
        "size": 10,
        "totalElements": 1007,
        "totalPages": 101,
        "number": 3
    }
}
]]></system-out>
  </testcase>
</testsuite>